{
  "stats": {
    "suites": 2,
    "tests": 6,
    "passes": 5,
    "pending": 2,
    "failures": -1,
    "start": "2023-11-14T21:15:02.357Z",
    "end": "2023-11-14T21:15:10.823Z",
    "duration": 8466,
    "testsRegistered": 7,
    "passPercent": 100,
    "pendingPercent": 28.57142857142857,
    "other": 1,
    "hasOther": true,
    "skipped": 0,
    "hasSkipped": false
  },
  "results": [
    {
      "uuid": "d74b22c1-6e70-4504-ad23-cbfacd1581e9",
      "title": "",
      "fullFile": "cypress\\e2e\\product.cy.js",
      "file": "cypress\\e2e\\product.cy.js",
      "beforeHooks": [],
      "afterHooks": [],
      "tests": [],
      "suites": [
        {
          "uuid": "edf831b0-2b4b-4010-91a7-b9f25bcd93b3",
          "title": "CRUD - PRODUTO",
          "fullFile": "",
          "file": "",
          "beforeHooks": [],
          "afterHooks": [],
          "tests": [
            {
              "title": "deve cadastrar produto com sucesso",
              "fullTitle": "CRUD - PRODUTO deve cadastrar produto com sucesso",
              "timedOut": null,
              "duration": 3055,
              "state": "passed",
              "speed": "fast",
              "pass": true,
              "fail": false,
              "pending": false,
              "context": null,
              "code": "cy.postProduct(product).then(res => {\n  expect(res.status).to.eql(201);\n  expect(res.body.message).to.eql('Cadastro realizado com sucesso');\n  Cypress.env('productId', res.body._id);\n});",
              "err": {},
              "uuid": "b00888a2-24b5-4b2f-8f55-6ad15270d76a",
              "parentUUID": "edf831b0-2b4b-4010-91a7-b9f25bcd93b3",
              "isHook": false,
              "skipped": false
            },
            {
              "title": "deve buscar produto por ID com sucesso",
              "fullTitle": "CRUD - PRODUTO deve buscar produto por ID com sucesso",
              "timedOut": null,
              "duration": 813,
              "state": "passed",
              "speed": "fast",
              "pass": true,
              "fail": false,
              "pending": false,
              "context": null,
              "code": "let id = Cypress.env('productId');\ncy.getProductById(id).then(res => {\n  expect(res.status).to.eql(200);\n  expect(res.body.nome).to.equal(product.nome);\n  let resBodyPreco = parseFloat(res.body.preco).toFixed(2);\n  expect(resBodyPreco).to.equal(product.preco);\n  expect(res.body.descricao).to.equal(product.descricao);\n  expect(res.body.quantidade).to.equal(product.quantidade);\n  expect(res.body._id).to.eql(Cypress.env('productId', res.body._id));\n});",
              "err": {},
              "uuid": "51b3e5db-471b-4329-8c3f-df77af0b71b5",
              "parentUUID": "edf831b0-2b4b-4010-91a7-b9f25bcd93b3",
              "isHook": false,
              "skipped": false
            },
            {
              "title": "deve editar produto por ID com sucesso",
              "fullTitle": "CRUD - PRODUTO deve editar produto por ID com sucesso",
              "timedOut": null,
              "duration": 1523,
              "state": "passed",
              "speed": "fast",
              "pass": true,
              "fail": false,
              "pending": false,
              "context": null,
              "code": "let id = Cypress.env('productId');\ncy.putProduct(product, id).then(res => {\n  expect(res.status).to.eql(200);\n  expect(res.body.message).to.equal('Registro alterado com sucesso');\n});\ncy.log('buscando produto pelo ID');\ncy.getProductById(id).then(res => {\n  expect(res.status).to.eql(200);\n  expect(res.body.nome).to.equal(product.putNome);\n  let resBodyPreco = parseFloat(res.body.preco).toFixed(2);\n  expect(resBodyPreco).to.equal(product.putPreco);\n  expect(res.body.descricao).to.equal(product.putDescricao);\n  expect(res.body.quantidade).to.equal(product.putQuantidade);\n  expect(res.body._id).to.eql(Cypress.env('productId', res.body._id));\n});",
              "err": {},
              "uuid": "7b327579-d85b-480c-921f-cc3c5c7caee0",
              "parentUUID": "edf831b0-2b4b-4010-91a7-b9f25bcd93b3",
              "isHook": false,
              "skipped": false
            },
            {
              "title": "deve excluir produto por ID com sucesso",
              "fullTitle": "CRUD - PRODUTO deve excluir produto por ID com sucesso",
              "timedOut": null,
              "duration": 1393,
              "state": "passed",
              "speed": "fast",
              "pass": true,
              "fail": false,
              "pending": false,
              "context": null,
              "code": "let id = Cypress.env('productId');\ncy.deleteProduct(id).then(res => {\n  expect(res.status).to.eql(200);\n  expect(res.body.message).to.equal('Registro excluído com sucesso');\n});\ncy.log('validando que o produto foi excluido, consultando pelo ID');\ncy.getProductById(id).then(res => {\n  expect(res.status).to.eql(400);\n  expect(res.body.message).to.equal('Produto não encontrado');\n});",
              "err": {},
              "uuid": "60d17991-701e-4c4b-a369-163435472720",
              "parentUUID": "edf831b0-2b4b-4010-91a7-b9f25bcd93b3",
              "isHook": false,
              "skipped": false
            }
          ],
          "suites": [],
          "passes": [
            "b00888a2-24b5-4b2f-8f55-6ad15270d76a",
            "51b3e5db-471b-4329-8c3f-df77af0b71b5",
            "7b327579-d85b-480c-921f-cc3c5c7caee0",
            "60d17991-701e-4c4b-a369-163435472720"
          ],
          "failures": [],
          "pending": [],
          "skipped": [],
          "duration": 6784,
          "root": false,
          "rootEmpty": false,
          "_timeout": 2000
        },
        {
          "uuid": "57e0bdef-d896-46b1-b744-a1b737c0278f",
          "title": "Testes funcionais - PRODUTO",
          "fullFile": "",
          "file": "",
          "beforeHooks": [],
          "afterHooks": [],
          "tests": [
            {
              "title": "Não deve cadastrar produto com nome já utilizado",
              "fullTitle": "Testes funcionais - PRODUTO Não deve cadastrar produto com nome já utilizado",
              "timedOut": null,
              "duration": 1396,
              "state": "passed",
              "speed": "fast",
              "pass": true,
              "fail": false,
              "pending": false,
              "context": null,
              "code": "cy.postProduct(product).then(res => {\n  expect(res.status).to.eql(201);\n  expect(res.body.message).to.eql('Cadastro realizado com sucesso');\n  Cypress.env('productId', res.body._id);\n});\ncy.log('tentativa de cadastro de produto com nome duplicado');\ncy.postProduct(product).then(res => {\n  expect(res.status).to.eql(400);\n  expect(res.body.message).to.eql('Já existe produto com esse nome');\n});",
              "err": {},
              "uuid": "7f44cae2-13e2-4f65-9107-3a9130f86264",
              "parentUUID": "57e0bdef-d896-46b1-b744-a1b737c0278f",
              "isHook": false,
              "skipped": false
            },
            {
              "title": "Não deve excluir produto que faz parte de carrinho",
              "fullTitle": "Testes funcionais - PRODUTO Não deve excluir produto que faz parte de carrinho",
              "timedOut": null,
              "duration": 0,
              "state": "pending",
              "speed": null,
              "pass": false,
              "fail": false,
              "pending": true,
              "context": null,
              "code": "",
              "err": {},
              "uuid": "b616bd42-7fc6-4c75-896a-2e38798b75be",
              "parentUUID": "57e0bdef-d896-46b1-b744-a1b737c0278f",
              "isHook": false,
              "skipped": false
            },
            {
              "title": "Se não encontrado usuário com o ID informado realiza novo cadastro ao invés de alteração",
              "fullTitle": "Testes funcionais - PRODUTO Se não encontrado usuário com o ID informado realiza novo cadastro ao invés de alteração",
              "timedOut": null,
              "duration": 0,
              "state": "pending",
              "speed": null,
              "pass": false,
              "fail": false,
              "pending": true,
              "context": null,
              "code": "",
              "err": {},
              "uuid": "47ca4ccd-9f35-4713-8e8d-3d3f0415a417",
              "parentUUID": "57e0bdef-d896-46b1-b744-a1b737c0278f",
              "isHook": false,
              "skipped": false
            }
          ],
          "suites": [],
          "passes": [
            "7f44cae2-13e2-4f65-9107-3a9130f86264"
          ],
          "failures": [],
          "pending": [
            "b616bd42-7fc6-4c75-896a-2e38798b75be",
            "47ca4ccd-9f35-4713-8e8d-3d3f0415a417"
          ],
          "skipped": [],
          "duration": 1396,
          "root": false,
          "rootEmpty": false,
          "_timeout": 2000
        }
      ],
      "passes": [],
      "failures": [],
      "pending": [],
      "skipped": [],
      "duration": 0,
      "root": true,
      "rootEmpty": true,
      "_timeout": 2000
    }
  ],
  "meta": {
    "mocha": {
      "version": "7.0.1"
    },
    "mochawesome": {
      "options": {
        "quiet": true,
        "reportFilename": "mochawesome",
        "saveHtml": false,
        "saveJson": true,
        "consoleReporter": "spec",
        "useInlineDiffs": false,
        "code": true
      },
      "version": "7.1.3"
    },
    "marge": {
      "options": {
        "id": "default",
        "reportDir": "cypress/results/json",
        "quiet": true,
        "overwrite": true,
        "html": false,
        "json": true
      },
      "version": "6.2.0"
    }
  }
}