{
  "stats": {
    "suites": 2,
    "tests": 6,
    "passes": 5,
    "pending": 2,
    "failures": -1,
    "start": "2023-11-14T22:00:28.117Z",
    "end": "2023-11-14T22:00:35.541Z",
    "duration": 7424,
    "testsRegistered": 7,
    "passPercent": 100,
    "pendingPercent": 28.57142857142857,
    "other": 1,
    "hasOther": true,
    "skipped": 0,
    "hasSkipped": false
  },
  "results": [
    {
      "uuid": "2c907b22-6d2e-463e-87bc-dd53bde4217d",
      "title": "",
      "fullFile": "cypress\\e2e\\product.cy.js",
      "file": "cypress\\e2e\\product.cy.js",
      "beforeHooks": [],
      "afterHooks": [],
      "tests": [],
      "suites": [
        {
          "uuid": "e64344fe-29b7-4bf8-ade2-27bc2db813cf",
          "title": "CRUD - PRODUTO",
          "fullFile": "",
          "file": "",
          "beforeHooks": [],
          "afterHooks": [],
          "tests": [
            {
              "title": "deve cadastrar produto com sucesso",
              "fullTitle": "CRUD - PRODUTO deve cadastrar produto com sucesso",
              "timedOut": null,
              "duration": 2563,
              "state": "passed",
              "speed": "fast",
              "pass": true,
              "fail": false,
              "pending": false,
              "context": null,
              "code": "cy.postProduct(product).then(res => {\n  expect(res.status).to.eql(201);\n  expect(res.body.message).to.eql('Cadastro realizado com sucesso');\n  Cypress.env('productId', res.body._id);\n});",
              "err": {},
              "uuid": "0cfc0d2a-9dd2-427a-a5fc-aa8348046318",
              "parentUUID": "e64344fe-29b7-4bf8-ade2-27bc2db813cf",
              "isHook": false,
              "skipped": false
            },
            {
              "title": "deve buscar produto por ID com sucesso",
              "fullTitle": "CRUD - PRODUTO deve buscar produto por ID com sucesso",
              "timedOut": null,
              "duration": 778,
              "state": "passed",
              "speed": "fast",
              "pass": true,
              "fail": false,
              "pending": false,
              "context": null,
              "code": "let id = Cypress.env('productId');\ncy.getProductById(id).then(res => {\n  expect(res.status).to.eql(200);\n  expect(res.body.nome).to.equal(product.nome);\n  let resBodyPreco = parseFloat(res.body.preco).toFixed(2);\n  expect(resBodyPreco).to.equal(product.preco);\n  expect(res.body.descricao).to.equal(product.descricao);\n  expect(res.body.quantidade).to.equal(product.quantidade);\n  expect(res.body._id).to.eql(Cypress.env('productId', res.body._id));\n});",
              "err": {},
              "uuid": "8cde8e9e-712a-45b4-94b9-ea43282dec01",
              "parentUUID": "e64344fe-29b7-4bf8-ade2-27bc2db813cf",
              "isHook": false,
              "skipped": false
            },
            {
              "title": "deve editar produto por ID com sucesso",
              "fullTitle": "CRUD - PRODUTO deve editar produto por ID com sucesso",
              "timedOut": null,
              "duration": 1312,
              "state": "passed",
              "speed": "fast",
              "pass": true,
              "fail": false,
              "pending": false,
              "context": null,
              "code": "let id = Cypress.env('productId');\ncy.putProduct(product, id).then(res => {\n  expect(res.status).to.eql(200);\n  expect(res.body.message).to.equal('Registro alterado com sucesso');\n});\ncy.log('buscando produto pelo ID');\ncy.getProductById(id).then(res => {\n  expect(res.status).to.eql(200);\n  expect(res.body.nome).to.equal(product.putNome);\n  let resBodyPreco = parseFloat(res.body.preco).toFixed(2);\n  expect(resBodyPreco).to.equal(product.putPreco);\n  expect(res.body.descricao).to.equal(product.putDescricao);\n  expect(res.body.quantidade).to.equal(product.putQuantidade);\n  expect(res.body._id).to.eql(Cypress.env('productId', res.body._id));\n});",
              "err": {},
              "uuid": "8c0f70d9-9a3e-4669-b04a-ffe945d1ed65",
              "parentUUID": "e64344fe-29b7-4bf8-ade2-27bc2db813cf",
              "isHook": false,
              "skipped": false
            },
            {
              "title": "deve excluir produto por ID com sucesso",
              "fullTitle": "CRUD - PRODUTO deve excluir produto por ID com sucesso",
              "timedOut": null,
              "duration": 1350,
              "state": "passed",
              "speed": "fast",
              "pass": true,
              "fail": false,
              "pending": false,
              "context": null,
              "code": "let id = Cypress.env('productId');\ncy.deleteProduct(id).then(res => {\n  expect(res.status).to.eql(200);\n  expect(res.body.message).to.equal('Registro excluído com sucesso');\n});\ncy.log('validando que o produto foi excluido, consultando pelo ID');\ncy.getProductById(id).then(res => {\n  expect(res.status).to.eql(400);\n  expect(res.body.message).to.equal('Produto não encontrado');\n});",
              "err": {},
              "uuid": "0742e53c-930e-4375-8455-c90ea6af038a",
              "parentUUID": "e64344fe-29b7-4bf8-ade2-27bc2db813cf",
              "isHook": false,
              "skipped": false
            }
          ],
          "suites": [],
          "passes": [
            "0cfc0d2a-9dd2-427a-a5fc-aa8348046318",
            "8cde8e9e-712a-45b4-94b9-ea43282dec01",
            "8c0f70d9-9a3e-4669-b04a-ffe945d1ed65",
            "0742e53c-930e-4375-8455-c90ea6af038a"
          ],
          "failures": [],
          "pending": [],
          "skipped": [],
          "duration": 6003,
          "root": false,
          "rootEmpty": false,
          "_timeout": 2000
        },
        {
          "uuid": "2264973a-0b90-4f97-a46a-08cd0243d441",
          "title": "Testes funcionais - PRODUTO",
          "fullFile": "",
          "file": "",
          "beforeHooks": [],
          "afterHooks": [],
          "tests": [
            {
              "title": "Não deve cadastrar produto com nome já utilizado",
              "fullTitle": "Testes funcionais - PRODUTO Não deve cadastrar produto com nome já utilizado",
              "timedOut": null,
              "duration": 1291,
              "state": "passed",
              "speed": "fast",
              "pass": true,
              "fail": false,
              "pending": false,
              "context": null,
              "code": "cy.postProduct(product).then(res => {\n  expect(res.status).to.eql(201);\n  expect(res.body.message).to.eql('Cadastro realizado com sucesso');\n  Cypress.env('productId', res.body._id);\n});\ncy.log('tentativa de cadastro de produto com nome duplicado');\ncy.postProduct(product).then(res => {\n  expect(res.status).to.eql(400);\n  expect(res.body.message).to.eql('Já existe produto com esse nome');\n});",
              "err": {},
              "uuid": "1dc42f0e-bacb-4c00-99e3-de9b4b1ee3ce",
              "parentUUID": "2264973a-0b90-4f97-a46a-08cd0243d441",
              "isHook": false,
              "skipped": false
            },
            {
              "title": "Não deve excluir produto que faz parte de carrinho",
              "fullTitle": "Testes funcionais - PRODUTO Não deve excluir produto que faz parte de carrinho",
              "timedOut": null,
              "duration": 0,
              "state": "pending",
              "speed": null,
              "pass": false,
              "fail": false,
              "pending": true,
              "context": null,
              "code": "",
              "err": {},
              "uuid": "1cd5b3b7-3fac-485c-844b-419bce96aaf0",
              "parentUUID": "2264973a-0b90-4f97-a46a-08cd0243d441",
              "isHook": false,
              "skipped": false
            },
            {
              "title": "Se não encontrado usuário com o ID informado realiza novo cadastro ao invés de alteração",
              "fullTitle": "Testes funcionais - PRODUTO Se não encontrado usuário com o ID informado realiza novo cadastro ao invés de alteração",
              "timedOut": null,
              "duration": 0,
              "state": "pending",
              "speed": null,
              "pass": false,
              "fail": false,
              "pending": true,
              "context": null,
              "code": "",
              "err": {},
              "uuid": "88db5347-cb10-40e5-9ecb-1f27480a782a",
              "parentUUID": "2264973a-0b90-4f97-a46a-08cd0243d441",
              "isHook": false,
              "skipped": false
            }
          ],
          "suites": [],
          "passes": [
            "1dc42f0e-bacb-4c00-99e3-de9b4b1ee3ce"
          ],
          "failures": [],
          "pending": [
            "1cd5b3b7-3fac-485c-844b-419bce96aaf0",
            "88db5347-cb10-40e5-9ecb-1f27480a782a"
          ],
          "skipped": [],
          "duration": 1291,
          "root": false,
          "rootEmpty": false,
          "_timeout": 2000
        }
      ],
      "passes": [],
      "failures": [],
      "pending": [],
      "skipped": [],
      "duration": 0,
      "root": true,
      "rootEmpty": true,
      "_timeout": 2000
    }
  ],
  "meta": {
    "mocha": {
      "version": "7.0.1"
    },
    "mochawesome": {
      "options": {
        "quiet": true,
        "reportFilename": "mochawesome",
        "saveHtml": false,
        "saveJson": true,
        "consoleReporter": "spec",
        "useInlineDiffs": false,
        "code": true
      },
      "version": "7.1.3"
    },
    "marge": {
      "options": {
        "id": "default",
        "reportDir": "cypress/results/json",
        "quiet": true,
        "overwrite": true,
        "html": false,
        "json": true
      },
      "version": "6.2.0"
    }
  }
}