{
  "stats": {
    "suites": 2,
    "tests": 6,
    "passes": 5,
    "pending": 2,
    "failures": -1,
    "start": "2023-11-17T06:11:50.178Z",
    "end": "2023-11-17T06:11:57.074Z",
    "duration": 6896,
    "testsRegistered": 7,
    "passPercent": 100,
    "pendingPercent": 28.57142857142857,
    "other": 1,
    "hasOther": true,
    "skipped": 0,
    "hasSkipped": false
  },
  "results": [
    {
      "uuid": "8849c941-e56b-4d69-9eaf-4f036c50ff2e",
      "title": "",
      "fullFile": "cypress\\e2e\\product.cy.js",
      "file": "cypress\\e2e\\product.cy.js",
      "beforeHooks": [],
      "afterHooks": [],
      "tests": [],
      "suites": [
        {
          "uuid": "622cda78-f4e5-4db2-b033-18651f3c0d8c",
          "title": "CRUD - PRODUTO",
          "fullFile": "",
          "file": "",
          "beforeHooks": [],
          "afterHooks": [],
          "tests": [
            {
              "title": "deve cadastrar produto com sucesso",
              "fullTitle": "CRUD - PRODUTO deve cadastrar produto com sucesso",
              "timedOut": null,
              "duration": 2310,
              "state": "passed",
              "speed": "fast",
              "pass": true,
              "fail": false,
              "pending": false,
              "context": null,
              "code": "cy.postProduct(product).then(res => {\n  expect(res.status).to.eql(201);\n  expect(res.body.message).to.eql('Cadastro realizado com sucesso');\n  Cypress.env('productId', res.body._id);\n});",
              "err": {},
              "uuid": "d7dafe2c-9eec-46c7-8319-0fc99dc728f1",
              "parentUUID": "622cda78-f4e5-4db2-b033-18651f3c0d8c",
              "isHook": false,
              "skipped": false
            },
            {
              "title": "deve buscar produto por ID com sucesso",
              "fullTitle": "CRUD - PRODUTO deve buscar produto por ID com sucesso",
              "timedOut": null,
              "duration": 683,
              "state": "passed",
              "speed": "fast",
              "pass": true,
              "fail": false,
              "pending": false,
              "context": null,
              "code": "let id = Cypress.env('productId');\ncy.getProductById(id).then(res => {\n  expect(res.status).to.eql(200);\n  expect(res.body.nome).to.equal(product.nome);\n  let resBodyPreco = parseFloat(res.body.preco).toFixed(2);\n  expect(resBodyPreco).to.equal(product.preco);\n  expect(res.body.descricao).to.equal(product.descricao);\n  expect(res.body.quantidade).to.equal(product.quantidade);\n  expect(res.body._id).to.eql(Cypress.env('productId', res.body._id));\n});",
              "err": {},
              "uuid": "0efe051e-024c-4c34-bd8e-b2da1f3fa55b",
              "parentUUID": "622cda78-f4e5-4db2-b033-18651f3c0d8c",
              "isHook": false,
              "skipped": false
            },
            {
              "title": "deve editar produto por ID com sucesso",
              "fullTitle": "CRUD - PRODUTO deve editar produto por ID com sucesso",
              "timedOut": null,
              "duration": 1298,
              "state": "passed",
              "speed": "fast",
              "pass": true,
              "fail": false,
              "pending": false,
              "context": null,
              "code": "let id = Cypress.env('productId');\ncy.putProduct(product, id).then(res => {\n  expect(res.status).to.eql(200);\n  expect(res.body.message).to.equal('Registro alterado com sucesso');\n});\ncy.log('buscando produto pelo ID');\ncy.getProductById(id).then(res => {\n  expect(res.status).to.eql(200);\n  expect(res.body.nome).to.equal(product.putNome);\n  let resBodyPreco = parseFloat(res.body.preco).toFixed(2);\n  expect(resBodyPreco).to.equal(product.putPreco);\n  expect(res.body.descricao).to.equal(product.putDescricao);\n  expect(res.body.quantidade).to.equal(product.putQuantidade);\n  expect(res.body._id).to.eql(Cypress.env('productId', res.body._id));\n});",
              "err": {},
              "uuid": "6f304c6e-0b82-4cd0-9e6f-765a8ed0e75b",
              "parentUUID": "622cda78-f4e5-4db2-b033-18651f3c0d8c",
              "isHook": false,
              "skipped": false
            },
            {
              "title": "deve excluir produto por ID com sucesso",
              "fullTitle": "CRUD - PRODUTO deve excluir produto por ID com sucesso",
              "timedOut": null,
              "duration": 1256,
              "state": "passed",
              "speed": "fast",
              "pass": true,
              "fail": false,
              "pending": false,
              "context": null,
              "code": "let id = Cypress.env('productId');\ncy.deleteProduct(id).then(res => {\n  expect(res.status).to.eql(200);\n  expect(res.body.message).to.equal('Registro excluído com sucesso');\n});\ncy.log('validando que o produto foi excluido, consultando pelo ID');\ncy.getProductById(id).then(res => {\n  expect(res.status).to.eql(400);\n  expect(res.body.message).to.equal('Produto não encontrado');\n});",
              "err": {},
              "uuid": "09b34ec6-d4f1-45ea-a1d3-316026996d65",
              "parentUUID": "622cda78-f4e5-4db2-b033-18651f3c0d8c",
              "isHook": false,
              "skipped": false
            }
          ],
          "suites": [],
          "passes": [
            "d7dafe2c-9eec-46c7-8319-0fc99dc728f1",
            "0efe051e-024c-4c34-bd8e-b2da1f3fa55b",
            "6f304c6e-0b82-4cd0-9e6f-765a8ed0e75b",
            "09b34ec6-d4f1-45ea-a1d3-316026996d65"
          ],
          "failures": [],
          "pending": [],
          "skipped": [],
          "duration": 5547,
          "root": false,
          "rootEmpty": false,
          "_timeout": 2000
        },
        {
          "uuid": "3c509e85-cb4b-4917-8477-3c79f54587c2",
          "title": "Testes funcionais - PRODUTO",
          "fullFile": "",
          "file": "",
          "beforeHooks": [],
          "afterHooks": [],
          "tests": [
            {
              "title": "Não deve cadastrar produto com nome já utilizado",
              "fullTitle": "Testes funcionais - PRODUTO Não deve cadastrar produto com nome já utilizado",
              "timedOut": null,
              "duration": 1280,
              "state": "passed",
              "speed": "fast",
              "pass": true,
              "fail": false,
              "pending": false,
              "context": null,
              "code": "cy.postProduct(product).then(res => {\n  expect(res.status).to.eql(201);\n  expect(res.body.message).to.eql('Cadastro realizado com sucesso');\n  Cypress.env('productId', res.body._id);\n});\ncy.log('tentativa de cadastro de produto com nome duplicado');\ncy.postProduct(product).then(res => {\n  expect(res.status).to.eql(400);\n  expect(res.body.message).to.eql('Já existe produto com esse nome');\n});",
              "err": {},
              "uuid": "7c88ef84-cf04-48a4-aa81-803fa3ceb5e9",
              "parentUUID": "3c509e85-cb4b-4917-8477-3c79f54587c2",
              "isHook": false,
              "skipped": false
            },
            {
              "title": "Não deve excluir produto que faz parte de carrinho",
              "fullTitle": "Testes funcionais - PRODUTO Não deve excluir produto que faz parte de carrinho",
              "timedOut": null,
              "duration": 0,
              "state": "pending",
              "speed": null,
              "pass": false,
              "fail": false,
              "pending": true,
              "context": null,
              "code": "",
              "err": {},
              "uuid": "261dfa3e-29fb-423c-9f27-4cc6ecb87054",
              "parentUUID": "3c509e85-cb4b-4917-8477-3c79f54587c2",
              "isHook": false,
              "skipped": false
            },
            {
              "title": "Se não encontrado usuário com o ID informado realiza novo cadastro ao invés de alteração",
              "fullTitle": "Testes funcionais - PRODUTO Se não encontrado usuário com o ID informado realiza novo cadastro ao invés de alteração",
              "timedOut": null,
              "duration": 0,
              "state": "pending",
              "speed": null,
              "pass": false,
              "fail": false,
              "pending": true,
              "context": null,
              "code": "",
              "err": {},
              "uuid": "516fc2a2-5b96-4678-823d-e0fa30f9194c",
              "parentUUID": "3c509e85-cb4b-4917-8477-3c79f54587c2",
              "isHook": false,
              "skipped": false
            }
          ],
          "suites": [],
          "passes": [
            "7c88ef84-cf04-48a4-aa81-803fa3ceb5e9"
          ],
          "failures": [],
          "pending": [
            "261dfa3e-29fb-423c-9f27-4cc6ecb87054",
            "516fc2a2-5b96-4678-823d-e0fa30f9194c"
          ],
          "skipped": [],
          "duration": 1280,
          "root": false,
          "rootEmpty": false,
          "_timeout": 2000
        }
      ],
      "passes": [],
      "failures": [],
      "pending": [],
      "skipped": [],
      "duration": 0,
      "root": true,
      "rootEmpty": true,
      "_timeout": 2000
    }
  ],
  "meta": {
    "mocha": {
      "version": "7.0.1"
    },
    "mochawesome": {
      "options": {
        "quiet": true,
        "reportFilename": "mochawesome",
        "saveHtml": false,
        "saveJson": true,
        "consoleReporter": "spec",
        "useInlineDiffs": false,
        "code": true
      },
      "version": "7.1.3"
    },
    "marge": {
      "options": {
        "id": "default",
        "reportDir": "cypress/results/json",
        "quiet": true,
        "overwrite": false,
        "html": false,
        "json": true
      },
      "version": "6.2.0"
    }
  }
}