{
  "stats": {
    "suites": 2,
    "tests": 5,
    "passes": 5,
    "pending": 0,
    "failures": 0,
    "start": "2023-11-14T21:55:28.382Z",
    "end": "2023-11-14T21:55:34.312Z",
    "duration": 5930,
    "testsRegistered": 5,
    "passPercent": 100,
    "pendingPercent": 0,
    "other": 0,
    "hasOther": false,
    "skipped": 0,
    "hasSkipped": false
  },
  "results": [
    {
      "uuid": "182f46b2-30ee-4733-bb06-45e29c4feaa6",
      "title": "",
      "fullFile": "cypress\\e2e\\user.spec.cy.js",
      "file": "cypress\\e2e\\user.spec.cy.js",
      "beforeHooks": [],
      "afterHooks": [],
      "tests": [],
      "suites": [
        {
          "uuid": "317472e3-8f25-4323-b9db-424a72801631",
          "title": "CRUD - USER",
          "fullFile": "",
          "file": "",
          "beforeHooks": [],
          "afterHooks": [],
          "tests": [
            {
              "title": "Deve cadastrar user com sucesso",
              "fullTitle": "CRUD - USER Deve cadastrar user com sucesso",
              "timedOut": null,
              "duration": 889,
              "state": "passed",
              "speed": "fast",
              "pass": true,
              "fail": false,
              "pending": false,
              "context": null,
              "code": "cy.postUser(_user.user).then(res => {\n  expect(res.status).to.eql(201);\n  expect(res.body.message).to.eql('Cadastro realizado com sucesso');\n  Cypress.env('userId', res.body._id);\n});",
              "err": {},
              "uuid": "3504c543-d8be-41ae-8b96-150349186d6c",
              "parentUUID": "317472e3-8f25-4323-b9db-424a72801631",
              "isHook": false,
              "skipped": false
            },
            {
              "title": "Deve listar user pelo Id",
              "fullTitle": "CRUD - USER Deve listar user pelo Id",
              "timedOut": null,
              "duration": 700,
              "state": "passed",
              "speed": "fast",
              "pass": true,
              "fail": false,
              "pending": false,
              "context": null,
              "code": "cy.api({\n  method: 'GET',\n  url: `/usuarios/${Cypress.env('userId')}`\n}).then(res => {\n  expect(res.status).to.eql(200);\n  expect(res.body.nome).to.equal(_user.user.nome);\n  expect(res.body.email).to.equal(_user.user.email);\n  expect(res.body._id).to.eql(Cypress.env('userId', res.body._id));\n});",
              "err": {},
              "uuid": "d02d1554-96d9-475d-abd6-4d8029d3453d",
              "parentUUID": "317472e3-8f25-4323-b9db-424a72801631",
              "isHook": false,
              "skipped": false
            },
            {
              "title": "Deve editar user",
              "fullTitle": "CRUD - USER Deve editar user",
              "timedOut": null,
              "duration": 1452,
              "state": "passed",
              "speed": "fast",
              "pass": true,
              "fail": false,
              "pending": false,
              "context": null,
              "code": "cy.api({\n  method: 'PUT',\n  url: `/usuarios/${Cypress.env('userId')}`,\n  body: {\n    \"nome\": _user.user.putNome,\n    \"email\": _user.user.email,\n    \"password\": _user.user.password,\n    \"administrador\": _user.user.administrador\n  }\n}).then(res => {\n  expect(res.status).to.eql(200);\n  expect(res.body.message).to.equal('Registro alterado com sucesso');\n});\ncy.log('consultando user pelo Id');\ncy.api({\n  method: 'GET',\n  url: `/usuarios/${Cypress.env('userId')}`\n}).then(res => {\n  expect(res.status).to.eql(200);\n  expect(res.body.nome).to.equal(_user.user.putNome);\n  expect(res.body.email).to.equal(_user.user.email);\n  expect(res.body._id).to.eql(Cypress.env('userId', res.body._id));\n});",
              "err": {},
              "uuid": "cdd80b75-dba6-47ca-8d11-be45534d0094",
              "parentUUID": "317472e3-8f25-4323-b9db-424a72801631",
              "isHook": false,
              "skipped": false
            },
            {
              "title": "Deve excluir user",
              "fullTitle": "CRUD - USER Deve excluir user",
              "timedOut": null,
              "duration": 1389,
              "state": "passed",
              "speed": "fast",
              "pass": true,
              "fail": false,
              "pending": false,
              "context": null,
              "code": "cy.api({\n  method: 'DELETE',\n  url: `/usuarios/${Cypress.env('userId')}`\n}).then(res => {\n  expect(res.status).to.eql(200);\n  expect(res.body.message).to.equal('Registro excluído com sucesso');\n});\ncy.log('Validando que o user foi excluido, consultando pelo ID');\ncy.api({\n  failOnStatusCode: false,\n  method: 'GET',\n  url: `/usuarios/${Cypress.env('userId')}`\n}).then(res => {\n  expect(res.status).to.eql(400);\n  expect(res.body.message).to.equal('Usuário não encontrado');\n});",
              "err": {},
              "uuid": "69804bc3-6c7d-4e81-8ea8-d315fb8a699e",
              "parentUUID": "317472e3-8f25-4323-b9db-424a72801631",
              "isHook": false,
              "skipped": false
            }
          ],
          "suites": [],
          "passes": [
            "3504c543-d8be-41ae-8b96-150349186d6c",
            "d02d1554-96d9-475d-abd6-4d8029d3453d",
            "cdd80b75-dba6-47ca-8d11-be45534d0094",
            "69804bc3-6c7d-4e81-8ea8-d315fb8a699e"
          ],
          "failures": [],
          "pending": [],
          "skipped": [],
          "duration": 4430,
          "root": false,
          "rootEmpty": false,
          "_timeout": 2000
        },
        {
          "uuid": "4a024f51-f1e8-48dc-82b7-4fde44658f1d",
          "title": "Testes funcionais - USER",
          "fullFile": "",
          "file": "",
          "beforeHooks": [],
          "afterHooks": [],
          "tests": [
            {
              "title": "Não deve cadastrar mais de um user com mesmo e-mail",
              "fullTitle": "Testes funcionais - USER Não deve cadastrar mais de um user com mesmo e-mail",
              "timedOut": null,
              "duration": 1394,
              "state": "passed",
              "speed": "fast",
              "pass": true,
              "fail": false,
              "pending": false,
              "context": null,
              "code": "cy.postUser(_user.user).then(res => {\n  expect(res.status).to.eql(201);\n  expect(res.body.message).to.eql('Cadastro realizado com sucesso');\n  Cypress.env('userId', res.body._id);\n});\ncy.log('tentativa de cadastro duplicado');\ncy.postUser(_user.user).then(res => {\n  expect(res.status).to.eql(400);\n  expect(res.body.message).to.eql('Este email já está sendo usado');\n});",
              "err": {},
              "uuid": "4da49d31-6a7c-40c1-ab0b-a774f38a8547",
              "parentUUID": "4a024f51-f1e8-48dc-82b7-4fde44658f1d",
              "isHook": false,
              "skipped": false
            }
          ],
          "suites": [],
          "passes": [
            "4da49d31-6a7c-40c1-ab0b-a774f38a8547"
          ],
          "failures": [],
          "pending": [],
          "skipped": [],
          "duration": 1394,
          "root": false,
          "rootEmpty": false,
          "_timeout": 2000
        }
      ],
      "passes": [],
      "failures": [],
      "pending": [],
      "skipped": [],
      "duration": 0,
      "root": true,
      "rootEmpty": true,
      "_timeout": 2000
    }
  ],
  "meta": {
    "mocha": {
      "version": "7.0.1"
    },
    "mochawesome": {
      "options": {
        "quiet": true,
        "reportFilename": "mochawesome",
        "saveHtml": false,
        "saveJson": true,
        "consoleReporter": "spec",
        "useInlineDiffs": false,
        "code": true
      },
      "version": "7.1.3"
    },
    "marge": {
      "options": {
        "id": "default",
        "reportDir": "cypress/results/json",
        "quiet": true,
        "overwrite": true,
        "html": false,
        "json": true
      },
      "version": "6.2.0"
    }
  }
}